

============================== 2023-01-30 17:01:02.358802 | 8b35846c-56b0-4193-be83-3b73ee66bcd6 ==============================
[0m17:01:02.358809 [info ] [MainThread]: Running with dbt=1.2.2
[0m17:01:02.359022 [debug] [MainThread]: running dbt with arguments {'write_json': True, 'use_colors': True, 'printer_width': 80, 'version_check': True, 'partial_parse': True, 'static_parser': True, 'profiles_dir': '/Users/biliev/.dbt', 'send_anonymous_usage_stats': True, 'event_buffer_size': 100000, 'quiet': False, 'no_print': False, 'config_dir': False, 'which': 'debug', 'indirect_selection': 'eager'}
[0m17:01:02.359104 [debug] [MainThread]: Tracking: tracking
[0m17:01:02.379435 [debug] [MainThread]: Sending event: {'category': 'dbt', 'action': 'invocation', 'label': 'start', 'context': [<snowplow_tracker.self_describing_json.SelfDescribingJson object at 0x10641aad0>, <snowplow_tracker.self_describing_json.SelfDescribingJson object at 0x10645f880>, <snowplow_tracker.self_describing_json.SelfDescribingJson object at 0x10645f700>]}
[0m17:01:02.386250 [debug] [MainThread]: Sending event: {'category': 'dbt', 'action': 'invocation', 'label': 'end', 'context': [<snowplow_tracker.self_describing_json.SelfDescribingJson object at 0x10645e4a0>, <snowplow_tracker.self_describing_json.SelfDescribingJson object at 0x10645eb30>, <snowplow_tracker.self_describing_json.SelfDescribingJson object at 0x10645fd30>]}
[0m17:01:02.386486 [debug] [MainThread]: Flushing usage events
[0m17:01:02.968134 [error] [MainThread]: Encountered an error:
Parsing Error
  Env var required but not provided: 'MZ_HOST'
[0m17:01:02.972577 [error] [MainThread]: Traceback (most recent call last):
  File "/opt/homebrew/lib/python3.10/site-packages/dbt/main.py", line 129, in main
    results, succeeded = handle_and_check(args)
  File "/opt/homebrew/lib/python3.10/site-packages/dbt/main.py", line 191, in handle_and_check
    task, res = run_from_args(parsed)
  File "/opt/homebrew/lib/python3.10/site-packages/dbt/main.py", line 238, in run_from_args
    results = task.run()
  File "/opt/homebrew/lib/python3.10/site-packages/dbt/task/debug.py", line 113, in run
    self.test_configuration()
  File "/opt/homebrew/lib/python3.10/site-packages/dbt/task/debug.py", line 285, in test_configuration
    profile_status = self._load_profile()
  File "/opt/homebrew/lib/python3.10/site-packages/dbt/task/debug.py", line 256, in _load_profile
    profile: Profile = Profile.render_from_args(self.args, renderer, profile_name)
  File "/opt/homebrew/lib/python3.10/site-packages/dbt/config/profile.py", line 428, in render_from_args
    return cls.from_raw_profiles(
  File "/opt/homebrew/lib/python3.10/site-packages/dbt/config/profile.py", line 394, in from_raw_profiles
    return cls.from_raw_profile_info(
  File "/opt/homebrew/lib/python3.10/site-packages/dbt/config/profile.py", line 338, in from_raw_profile_info
    target_name, profile_data = cls.render_profile(
  File "/opt/homebrew/lib/python3.10/site-packages/dbt/config/profile.py", line 301, in render_profile
    profile_data = renderer.render_data(raw_profile_data)
  File "/opt/homebrew/lib/python3.10/site-packages/dbt/config/renderer.py", line 49, in render_data
    return deep_map_render(self.render_entry, data)
  File "/opt/homebrew/lib/python3.10/site-packages/dbt/utils.py", line 228, in deep_map_render
    return _deep_map_render(func, value, ())
  File "/opt/homebrew/lib/python3.10/site-packages/dbt/utils.py", line 194, in _deep_map_render
    ret = {k: _deep_map_render(func, v, (keypath + (str(k),))) for k, v in value.items()}
  File "/opt/homebrew/lib/python3.10/site-packages/dbt/utils.py", line 194, in <dictcomp>
    ret = {k: _deep_map_render(func, v, (keypath + (str(k),))) for k, v in value.items()}
  File "/opt/homebrew/lib/python3.10/site-packages/dbt/utils.py", line 196, in _deep_map_render
    ret = func(value, keypath)
  File "/opt/homebrew/lib/python3.10/site-packages/dbt/config/renderer.py", line 33, in render_entry
    return self.render_value(value, keypath)
  File "/opt/homebrew/lib/python3.10/site-packages/dbt/config/renderer.py", line 184, in render_value
    rendered = super().render_value(value, keypath)
  File "/opt/homebrew/lib/python3.10/site-packages/dbt/config/renderer.py", line 42, in render_value
    return get_rendered(value, self.context, native=True)
  File "/opt/homebrew/lib/python3.10/site-packages/dbt/clients/jinja.py", line 571, in get_rendered
    return render_template(template, ctx, node)
  File "/opt/homebrew/lib/python3.10/site-packages/dbt/clients/jinja.py", line 526, in render_template
    return template.render(ctx)
  File "/opt/homebrew/lib/python3.10/site-packages/dbt/clients/jinja.py", line 178, in render
    return self.environment.handle_exception()
  File "/opt/homebrew/lib/python3.10/site-packages/jinja2/environment.py", line 832, in handle_exception
    reraise(*rewrite_traceback_stack(source=source))
  File "/opt/homebrew/lib/python3.10/site-packages/jinja2/_compat.py", line 28, in reraise
    raise value.with_traceback(tb)
  File "/opt/homebrew/lib/python3.10/site-packages/dbt/clients/jinja.py", line 135, in quoted_native_concat
    head = list(islice(nodes, 2))
  File "<template>", line -1, in top-level template code
  File "/opt/homebrew/lib/python3.10/site-packages/jinja2/sandbox.py", line 462, in call
    return __context.call(__obj, *args, **kwargs)
  File "/opt/homebrew/lib/python3.10/site-packages/dbt/context/secret.py", line 50, in env_var
    raise_parsing_error(msg)
  File "/opt/homebrew/lib/python3.10/site-packages/dbt/exceptions.py", line 449, in raise_parsing_error
    raise ParsingException(msg, node)
dbt.exceptions.ParsingException: Parsing Error
  Env var required but not provided: 'MZ_HOST'

